<?xml version="1.0" encoding="UTF-8"?>
<testng-results ignored="0" total="2" passed="2" failed="0" skipped="0">
  <reporter-output>
  </reporter-output>
  <suite started-at="2026-03-30T13:01:59 IST" name="Default suite" finished-at="2026-03-30T13:03:15 IST" duration-ms="75952">
    <groups>
    </groups>
    <test started-at="2026-03-30T13:01:59 IST" name="Default test" finished-at="2026-03-30T13:03:15 IST" duration-ms="75952">
      <class name="Register.NewTest">
        <test-method signature="openchromedriver()[pri:0, instance:Register.NewTest@2b71e916]" started-at="2026-03-30T13:01:59 IST" name="openchromedriver" finished-at="2026-03-30T13:02:08 IST" duration-ms="9686" status="PASS">
          <reporter-output>
          </reporter-output>
        </test-method> <!-- openchromedriver -->
        <test-method signature="openfirefox()[pri:0, instance:Register.NewTest@2b71e916]" started-at="2026-03-30T13:02:08 IST" name="openfirefox" finished-at="2026-03-30T13:03:14 IST" duration-ms="65988" status="PASS">
          <reporter-output>
          </reporter-output>
        </test-method> <!-- openfirefox -->
      </class> <!-- Register.NewTest -->
    </test> <!-- Default test -->
  </suite> <!-- Default suite -->
</testng-results>
