<?xml version="1.0" encoding="UTF-8"?>
<!-- Generated by org.testng.reporters.JUnitReportReporter -->
<testsuite hostname="DESKTOP-3AV8BTQ" failures="0" tests="3" name="Register.PriorityTestng" time="79.178" errors="0" timestamp="2026-03-26T10:03:48 IST" skipped="0">
  <testcase classname="Register.PriorityTestng" name="testMethod" time="31.457"/>
  <testcase classname="Register.PriorityTestng" name="Openbrowser" time="26.439"/>
  <testcase classname="Register.PriorityTestng" name="testMethod1" time="21.282"/>
</testsuite> <!-- Register.PriorityTestng -->
